0 info it worked if it ends with ok
1 verbose cli [ '/usr/nodejs/bin/node',
1 verbose cli   '/usr/nodejs/bin/npm',
1 verbose cli   'run-script',
1 verbose cli   'startserver' ]
2 info using npm@1.2.18
3 info using node@v0.10.5
4 verbose read json /home/hoang/Workspace/picnode/package.json
5 warn package.json application-name@0.0.1 No README.md file found!
6 verbose run-script [ 'prestartserver', 'startserver', 'poststartserver' ]
7 info prestartserver application-name@0.0.1
8 info startserver application-name@0.0.1
9 verbose unsafe-perm in lifecycle true
10 silly exec sh "-c" "node-modules/node-dev/bin/node-dev app.coffee"
11 silly sh,-c,node-modules/node-dev/bin/node-dev app.coffee,/home/hoang/Workspace/picnode spawning
12 info application-name@0.0.1 Failed to exec startserver script
13 error application-name@0.0.1 startserver: `node-modules/node-dev/bin/node-dev app.coffee`
13 error `sh "-c" "node-modules/node-dev/bin/node-dev app.coffee"` failed with 127
14 error Failed at the application-name@0.0.1 startserver script.
14 error This is most likely a problem with the application-name package,
14 error not with npm itself.
14 error Tell the author that this fails on your system:
14 error     node-modules/node-dev/bin/node-dev app.coffee
14 error You can get their info via:
14 error     npm owner ls application-name
14 error There is likely additional logging output above.
15 error System Linux 3.8.0-19-generic
16 error command "/usr/nodejs/bin/node" "/usr/nodejs/bin/npm" "run-script" "startserver"
17 error cwd /home/hoang/Workspace/picnode
18 error node -v v0.10.5
19 error npm -v 1.2.18
20 error code ELIFECYCLE
21 verbose exit [ 1, true ]
